DEBUG:urllib3.connectionpool:https://ankiweb.net:443 "POST /update/desktop HTTP/1.1" 200 57
DEBUG:urllib3.connectionpool:Starting new HTTP connection (1): www.google-analytics.com:80
DEBUG:urllib3.connectionpool:http://www.google-analytics.com:80 "POST /collect HTTP/1.1" 200 35
DEBUG:urllib3.connectionpool:Starting new HTTP connection (1): www.google-analytics.com:80
DEBUG:urllib3.connectionpool:http://www.google-analytics.com:80 "POST /collect HTTP/1.1" 200 35
DEBUG:urllib3.connectionpool:Starting new HTTP connection (1): www.google-analytics.com:80
DEBUG:urllib3.connectionpool:http://www.google-analytics.com:80 "POST /collect HTTP/1.1" 200 35
DEBUG:urllib3.connectionpool:Starting new HTTP connection (1): www.google-analytics.com:80
DEBUG:urllib3.connectionpool:http://www.google-analytics.com:80 "POST /collect HTTP/1.1" 200 35
DEBUG:urllib3.connectionpool:Starting new HTTP connection (1): www.google-analytics.com:80
DEBUG:urllib3.connectionpool:http://www.google-analytics.com:80 "POST /collect HTTP/1.1" 200 35
DEBUG:urllib3.connectionpool:Starting new HTTP connection (1): www.google-analytics.com:80
DEBUG:urllib3.connectionpool:http://www.google-analytics.com:80 "POST /collect HTTP/1.1" 200 35
DEBUG:urllib3.connectionpool:Starting new HTTP connection (1): www.google-analytics.com:80
DEBUG:urllib3.connectionpool:http://www.google-analytics.com:80 "POST /collect HTTP/1.1" 200 35
DEBUG:urllib3.connectionpool:Starting new HTTP connection (1): www.google-analytics.com:80
DEBUG:urllib3.connectionpool:http://www.google-analytics.com:80 "POST /collect HTTP/1.1" 200 35
DEBUG:urllib3.connectionpool:Starting new HTTP connection (1): www.google-analytics.com:80
DEBUG:urllib3.connectionpool:http://www.google-analytics.com:80 "POST /collect HTTP/1.1" 200 35
DEBUG:urllib3.connectionpool:Starting new HTTP connection (1): www.google-analytics.com:80
DEBUG:urllib3.connectionpool:http://www.google-analytics.com:80 "POST /collect HTTP/1.1" 200 35
DEBUG:urllib3.connectionpool:Starting new HTTP connection (1): www.google-analytics.com:80
DEBUG:urllib3.connectionpool:http://www.google-analytics.com:80 "POST /collect HTTP/1.1" 200 35
DEBUG:urllib3.connectionpool:Starting new HTTP connection (1): www.google-analytics.com:80
DEBUG:urllib3.connectionpool:http://www.google-analytics.com:80 "POST /collect HTTP/1.1" 200 35
DEBUG:urllib3.connectionpool:Starting new HTTP connection (1): www.google-analytics.com:80
DEBUG:urllib3.connectionpool:http://www.google-analytics.com:80 "POST /collect HTTP/1.1" 200 35
DEBUG:urllib3.connectionpool:Starting new HTTP connection (1): www.google-analytics.com:80
DEBUG:urllib3.connectionpool:http://www.google-analytics.com:80 "POST /collect HTTP/1.1" 200 35
DEBUG:urllib3.connectionpool:Starting new HTTP connection (1): www.google-analytics.com:80
DEBUG:urllib3.connectionpool:http://www.google-analytics.com:80 "POST /collect HTTP/1.1" 200 35
DEBUG:urllib3.connectionpool:Starting new HTTP connection (1): www.google-analytics.com:80
DEBUG:urllib3.connectionpool:http://www.google-analytics.com:80 "POST /collect HTTP/1.1" 200 35
DEBUG:urllib3.connectionpool:Starting new HTTP connection (1): www.google-analytics.com:80
DEBUG:urllib3.connectionpool:http://www.google-analytics.com:80 "POST /collect HTTP/1.1" 200 35
DEBUG:urllib3.connectionpool:Starting new HTTP connection (1): www.google-analytics.com:80
DEBUG:urllib3.connectionpool:http://www.google-analytics.com:80 "POST /collect HTTP/1.1" 200 35
DEBUG:urllib3.connectionpool:Starting new HTTP connection (1): www.google-analytics.com:80
DEBUG:urllib3.connectionpool:http://www.google-analytics.com:80 "POST /collect HTTP/1.1" 200 35
DEBUG:urllib3.connectionpool:Starting new HTTP connection (1): www.google-analytics.com:80
DEBUG:urllib3.connectionpool:http://www.google-analytics.com:80 "POST /collect HTTP/1.1" 200 35
DEBUG:urllib3.connectionpool:Starting new HTTP connection (1): www.google-analytics.com:80
DEBUG:urllib3.connectionpool:http://www.google-analytics.com:80 "POST /collect HTTP/1.1" 200 35
DEBUG:urllib3.connectionpool:Starting new HTTP connection (1): www.google-analytics.com:80
DEBUG:urllib3.connectionpool:http://www.google-analytics.com:80 "POST /collect HTTP/1.1" 200 35
DEBUG:urllib3.connectionpool:Starting new HTTP connection (1): www.google-analytics.com:80
DEBUG:urllib3.connectionpool:http://www.google-analytics.com:80 "POST /collect HTTP/1.1" 200 35
DEBUG:urllib3.connectionpool:https://ankiweb.net:443 "POST /update/desktop HTTP/1.1" 200 57
DEBUG:urllib3.connectionpool:Starting new HTTP connection (1): www.google-analytics.com:80
DEBUG:urllib3.connectionpool:http://www.google-analytics.com:80 "POST /collect HTTP/1.1" 200 35
DEBUG:urllib3.connectionpool:Starting new HTTP connection (1): www.google-analytics.com:80
DEBUG:urllib3.connectionpool:http://www.google-analytics.com:80 "POST /collect HTTP/1.1" 200 35
DEBUG:urllib3.connectionpool:Starting new HTTP connection (1): www.google-analytics.com:80
DEBUG:urllib3.connectionpool:http://www.google-analytics.com:80 "POST /collect HTTP/1.1" 200 35
DEBUG:urllib3.connectionpool:Starting new HTTP connection (1): www.google-analytics.com:80
DEBUG:urllib3.connectionpool:http://www.google-analytics.com:80 "POST /collect HTTP/1.1" 200 35
DEBUG:urllib3.connectionpool:Starting new HTTP connection (1): www.google-analytics.com:80
DEBUG:urllib3.connectionpool:http://www.google-analytics.com:80 "POST /collect HTTP/1.1" 200 35
DEBUG:urllib3.connectionpool:Starting new HTTP connection (1): www.google-analytics.com:80
DEBUG:urllib3.connectionpool:http://www.google-analytics.com:80 "POST /collect HTTP/1.1" 200 35
DEBUG:urllib3.connectionpool:Starting new HTTP connection (1): www.google-analytics.com:80
DEBUG:urllib3.connectionpool:http://www.google-analytics.com:80 "POST /collect HTTP/1.1" 200 35
DEBUG:urllib3.connectionpool:Starting new HTTP connection (1): www.google-analytics.com:80
DEBUG:urllib3.connectionpool:http://www.google-analytics.com:80 "POST /collect HTTP/1.1" 200 35
DEBUG:urllib3.connectionpool:Starting new HTTP connection (1): www.google-analytics.com:80
DEBUG:urllib3.connectionpool:http://www.google-analytics.com:80 "POST /collect HTTP/1.1" 200 35
DEBUG:urllib3.connectionpool:https://ankiweb.net:443 "POST /update/desktop HTTP/1.1" 200 57
DEBUG:urllib3.connectionpool:https://ankiweb.net:443 "POST /update/desktop HTTP/1.1" 200 57
DEBUG:urllib3.connectionpool:https://ankiweb.net:443 "POST /update/desktop HTTP/1.1" 200 57
DEBUG:urllib3.connectionpool:https://ankiweb.net:443 "POST /update/desktop HTTP/1.1" 200 57
DEBUG:urllib3.connectionpool:https://ankiweb.net:443 "POST /update/desktop HTTP/1.1" 200 57
DEBUG:urllib3.connectionpool:https://ankiweb.net:443 "POST /update/desktop HTTP/1.1" 200 57
DEBUG:urllib3.connectionpool:https://ankiweb.net:443 "POST /update/desktop HTTP/1.1" 200 57
DEBUG:urllib3.connectionpool:https://ankiweb.net:443 "POST /update/desktop HTTP/1.1" 200 57
DEBUG:urllib3.connectionpool:https://ankiweb.net:443 "POST /update/desktop HTTP/1.1" 200 57
DEBUG:urllib3.connectionpool:Starting new HTTP connection (1): www.google-analytics.com:80
DEBUG:urllib3.connectionpool:http://www.google-analytics.com:80 "POST /collect HTTP/1.1" 200 35
DEBUG:urllib3.connectionpool:Starting new HTTP connection (1): www.google-analytics.com:80
DEBUG:urllib3.connectionpool:http://www.google-analytics.com:80 "POST /collect HTTP/1.1" 200 35
DEBUG:urllib3.connectionpool:Starting new HTTP connection (1): www.google-analytics.com:80
DEBUG:urllib3.connectionpool:http://www.google-analytics.com:80 "POST /collect HTTP/1.1" 200 35
DEBUG:urllib3.connectionpool:Starting new HTTP connection (1): www.google-analytics.com:80
DEBUG:urllib3.connectionpool:http://www.google-analytics.com:80 "POST /collect HTTP/1.1" 200 35
DEBUG:urllib3.connectionpool:Starting new HTTP connection (1): www.google-analytics.com:80
DEBUG:urllib3.connectionpool:http://www.google-analytics.com:80 "POST /collect HTTP/1.1" 200 35
DEBUG:urllib3.connectionpool:Starting new HTTP connection (1): www.google-analytics.com:80
DEBUG:urllib3.connectionpool:http://www.google-analytics.com:80 "POST /collect HTTP/1.1" 200 35
DEBUG:urllib3.connectionpool:Starting new HTTP connection (1): www.google-analytics.com:80
DEBUG:urllib3.connectionpool:http://www.google-analytics.com:80 "POST /collect HTTP/1.1" 200 35
DEBUG:urllib3.connectionpool:Starting new HTTP connection (1): www.google-analytics.com:80
DEBUG:urllib3.connectionpool:http://www.google-analytics.com:80 "POST /collect HTTP/1.1" 200 35
DEBUG:urllib3.connectionpool:Starting new HTTP connection (1): www.google-analytics.com:80
DEBUG:urllib3.connectionpool:http://www.google-analytics.com:80 "POST /collect HTTP/1.1" 200 35
DEBUG:urllib3.connectionpool:Starting new HTTP connection (1): www.google-analytics.com:80
DEBUG:urllib3.connectionpool:http://www.google-analytics.com:80 "POST /collect HTTP/1.1" 200 35
DEBUG:urllib3.connectionpool:Starting new HTTP connection (1): www.google-analytics.com:80
DEBUG:urllib3.connectionpool:http://www.google-analytics.com:80 "POST /collect HTTP/1.1" 200 35
DEBUG:urllib3.connectionpool:Starting new HTTP connection (1): www.google-analytics.com:80
DEBUG:urllib3.connectionpool:http://www.google-analytics.com:80 "POST /collect HTTP/1.1" 200 35
DEBUG:urllib3.connectionpool:Starting new HTTP connection (1): www.google-analytics.com:80
DEBUG:urllib3.connectionpool:http://www.google-analytics.com:80 "POST /collect HTTP/1.1" 200 35
DEBUG:urllib3.connectionpool:Starting new HTTP connection (1): www.google-analytics.com:80
DEBUG:urllib3.connectionpool:http://www.google-analytics.com:80 "POST /collect HTTP/1.1" 200 35
DEBUG:urllib3.connectionpool:Starting new HTTP connection (1): www.google-analytics.com:80
DEBUG:urllib3.connectionpool:http://www.google-analytics.com:80 "POST /collect HTTP/1.1" 200 35
DEBUG:urllib3.connectionpool:Starting new HTTP connection (1): www.google-analytics.com:80
DEBUG:urllib3.connectionpool:http://www.google-analytics.com:80 "POST /collect HTTP/1.1" 200 35
DEBUG:urllib3.connectionpool:Starting new HTTP connection (1): www.google-analytics.com:80
DEBUG:urllib3.connectionpool:http://www.google-analytics.com:80 "POST /collect HTTP/1.1" 200 35
DEBUG:urllib3.connectionpool:Starting new HTTP connection (1): www.google-analytics.com:80
DEBUG:urllib3.connectionpool:http://www.google-analytics.com:80 "POST /collect HTTP/1.1" 200 35
DEBUG:urllib3.connectionpool:Starting new HTTP connection (1): www.google-analytics.com:80
DEBUG:urllib3.connectionpool:http://www.google-analytics.com:80 "POST /collect HTTP/1.1" 200 35
DEBUG:urllib3.connectionpool:Starting new HTTP connection (1): www.google-analytics.com:80
DEBUG:urllib3.connectionpool:http://www.google-analytics.com:80 "POST /collect HTTP/1.1" 200 35
DEBUG:urllib3.connectionpool:Starting new HTTP connection (1): www.google-analytics.com:80
DEBUG:urllib3.connectionpool:http://www.google-analytics.com:80 "POST /collect HTTP/1.1" 200 35
DEBUG:urllib3.connectionpool:Starting new HTTP connection (1): www.google-analytics.com:80
DEBUG:urllib3.connectionpool:http://www.google-analytics.com:80 "POST /collect HTTP/1.1" 200 35
DEBUG:urllib3.connectionpool:Starting new HTTP connection (1): www.google-analytics.com:80
DEBUG:urllib3.connectionpool:http://www.google-analytics.com:80 "POST /collect HTTP/1.1" 200 35
DEBUG:urllib3.connectionpool:Starting new HTTP connection (1): www.google-analytics.com:80
DEBUG:urllib3.connectionpool:http://www.google-analytics.com:80 "POST /collect HTTP/1.1" 200 35
DEBUG:urllib3.connectionpool:Starting new HTTP connection (1): www.google-analytics.com:80
DEBUG:urllib3.connectionpool:http://www.google-analytics.com:80 "POST /collect HTTP/1.1" 200 35
DEBUG:urllib3.connectionpool:Starting new HTTP connection (1): www.google-analytics.com:80
DEBUG:urllib3.connectionpool:http://www.google-analytics.com:80 "POST /collect HTTP/1.1" 200 35
DEBUG:urllib3.connectionpool:Starting new HTTP connection (1): www.google-analytics.com:80
DEBUG:urllib3.connectionpool:http://www.google-analytics.com:80 "POST /collect HTTP/1.1" 200 35
DEBUG:urllib3.connectionpool:Starting new HTTP connection (1): www.google-analytics.com:80
DEBUG:urllib3.connectionpool:http://www.google-analytics.com:80 "POST /collect HTTP/1.1" 200 35
DEBUG:urllib3.connectionpool:Starting new HTTP connection (1): www.google-analytics.com:80
DEBUG:urllib3.connectionpool:http://www.google-analytics.com:80 "POST /collect HTTP/1.1" 200 35
DEBUG:urllib3.connectionpool:Starting new HTTP connection (1): www.google-analytics.com:80
DEBUG:urllib3.connectionpool:http://www.google-analytics.com:80 "POST /collect HTTP/1.1" 200 35
DEBUG:urllib3.connectionpool:Starting new HTTP connection (1): www.google-analytics.com:80
DEBUG:urllib3.connectionpool:http://www.google-analytics.com:80 "POST /collect HTTP/1.1" 200 35
DEBUG:urllib3.connectionpool:Starting new HTTP connection (1): www.google-analytics.com:80
DEBUG:urllib3.connectionpool:http://www.google-analytics.com:80 "POST /collect HTTP/1.1" 200 35
DEBUG:urllib3.connectionpool:Starting new HTTP connection (1): www.google-analytics.com:80
DEBUG:urllib3.connectionpool:http://www.google-analytics.com:80 "POST /collect HTTP/1.1" 200 35
DEBUG:urllib3.connectionpool:Starting new HTTP connection (1): www.google-analytics.com:80
DEBUG:urllib3.connectionpool:http://www.google-analytics.com:80 "POST /collect HTTP/1.1" 200 35
DEBUG:urllib3.connectionpool:Starting new HTTP connection (1): www.google-analytics.com:80
DEBUG:urllib3.connectionpool:http://www.google-analytics.com:80 "POST /collect HTTP/1.1" 200 35
DEBUG:urllib3.connectionpool:Starting new HTTP connection (1): www.google-analytics.com:80
DEBUG:urllib3.connectionpool:http://www.google-analytics.com:80 "POST /collect HTTP/1.1" 200 35
DEBUG:urllib3.connectionpool:Starting new HTTP connection (1): www.google-analytics.com:80
DEBUG:urllib3.connectionpool:http://www.google-analytics.com:80 "POST /collect HTTP/1.1" 200 35
DEBUG:urllib3.connectionpool:Starting new HTTP connection (1): www.google-analytics.com:80
DEBUG:urllib3.connectionpool:http://www.google-analytics.com:80 "POST /collect HTTP/1.1" 200 35
DEBUG:urllib3.connectionpool:Starting new HTTP connection (1): www.google-analytics.com:80
DEBUG:urllib3.connectionpool:http://www.google-analytics.com:80 "POST /collect HTTP/1.1" 200 35
DEBUG:urllib3.connectionpool:Starting new HTTP connection (1): www.google-analytics.com:80
DEBUG:urllib3.connectionpool:http://www.google-analytics.com:80 "POST /collect HTTP/1.1" 200 35
DEBUG:urllib3.connectionpool:Starting new HTTP connection (1): www.google-analytics.com:80
DEBUG:urllib3.connectionpool:http://www.google-analytics.com:80 "POST /collect HTTP/1.1" 200 35
DEBUG:urllib3.connectionpool:Starting new HTTP connection (1): www.google-analytics.com:80
DEBUG:urllib3.connectionpool:http://www.google-analytics.com:80 "POST /collect HTTP/1.1" 200 35
DEBUG:urllib3.connectionpool:Starting new HTTP connection (1): www.google-analytics.com:80
DEBUG:urllib3.connectionpool:http://www.google-analytics.com:80 "POST /collect HTTP/1.1" 200 35
DEBUG:urllib3.connectionpool:Starting new HTTP connection (1): www.google-analytics.com:80
DEBUG:urllib3.connectionpool:http://www.google-analytics.com:80 "POST /collect HTTP/1.1" 200 35
DEBUG:urllib3.connectionpool:Starting new HTTP connection (1): www.google-analytics.com:80
DEBUG:urllib3.connectionpool:http://www.google-analytics.com:80 "POST /collect HTTP/1.1" 200 35
DEBUG:urllib3.connectionpool:Starting new HTTP connection (1): www.google-analytics.com:80
DEBUG:urllib3.connectionpool:http://www.google-analytics.com:80 "POST /collect HTTP/1.1" 200 35
DEBUG:urllib3.connectionpool:Starting new HTTP connection (1): www.google-analytics.com:80
DEBUG:urllib3.connectionpool:http://www.google-analytics.com:80 "POST /collect HTTP/1.1" 200 35
DEBUG:urllib3.connectionpool:Starting new HTTP connection (1): www.google-analytics.com:80
DEBUG:urllib3.connectionpool:http://www.google-analytics.com:80 "POST /collect HTTP/1.1" 200 35
DEBUG:urllib3.connectionpool:Starting new HTTP connection (1): www.google-analytics.com:80
DEBUG:urllib3.connectionpool:http://www.google-analytics.com:80 "POST /collect HTTP/1.1" 200 35
DEBUG:urllib3.connectionpool:Starting new HTTP connection (1): www.google-analytics.com:80
DEBUG:urllib3.connectionpool:http://www.google-analytics.com:80 "POST /collect HTTP/1.1" 200 35
DEBUG:urllib3.connectionpool:Starting new HTTP connection (1): www.google-analytics.com:80
DEBUG:urllib3.connectionpool:http://www.google-analytics.com:80 "POST /collect HTTP/1.1" 200 35
DEBUG:urllib3.connectionpool:Starting new HTTP connection (1): www.google-analytics.com:80
DEBUG:urllib3.connectionpool:http://www.google-analytics.com:80 "POST /collect HTTP/1.1" 200 35
DEBUG:urllib3.connectionpool:Starting new HTTP connection (1): www.google-analytics.com:80
DEBUG:urllib3.connectionpool:http://www.google-analytics.com:80 "POST /collect HTTP/1.1" 200 35
DEBUG:urllib3.connectionpool:Starting new HTTP connection (1): www.google-analytics.com:80
DEBUG:urllib3.connectionpool:http://www.google-analytics.com:80 "POST /collect HTTP/1.1" 200 35
DEBUG:urllib3.connectionpool:Starting new HTTP connection (1): www.google-analytics.com:80
DEBUG:urllib3.connectionpool:http://www.google-analytics.com:80 "POST /collect HTTP/1.1" 200 35
DEBUG:urllib3.connectionpool:Starting new HTTP connection (1): www.google-analytics.com:80
DEBUG:urllib3.connectionpool:http://www.google-analytics.com:80 "POST /collect HTTP/1.1" 200 35
DEBUG:urllib3.connectionpool:Starting new HTTP connection (1): www.google-analytics.com:80
DEBUG:urllib3.connectionpool:http://www.google-analytics.com:80 "POST /collect HTTP/1.1" 200 35
DEBUG:urllib3.connectionpool:Starting new HTTP connection (1): www.google-analytics.com:80
DEBUG:urllib3.connectionpool:http://www.google-analytics.com:80 "POST /collect HTTP/1.1" 200 35
DEBUG:urllib3.connectionpool:Starting new HTTP connection (1): www.google-analytics.com:80
DEBUG:urllib3.connectionpool:http://www.google-analytics.com:80 "POST /collect HTTP/1.1" 200 35
DEBUG:urllib3.connectionpool:Starting new HTTP connection (1): www.google-analytics.com:80
DEBUG:urllib3.connectionpool:http://www.google-analytics.com:80 "POST /collect HTTP/1.1" 200 35
DEBUG:urllib3.connectionpool:Starting new HTTP connection (1): www.google-analytics.com:80
DEBUG:urllib3.connectionpool:http://www.google-analytics.com:80 "POST /collect HTTP/1.1" 200 35
DEBUG:urllib3.connectionpool:Starting new HTTP connection (1): www.google-analytics.com:80
DEBUG:urllib3.connectionpool:http://www.google-analytics.com:80 "POST /collect HTTP/1.1" 200 35
DEBUG:urllib3.connectionpool:https://ankiweb.net:443 "POST /update/desktop HTTP/1.1" 200 57
DEBUG:urllib3.connectionpool:Starting new HTTPS connection (1): ankiweb.net:443
DEBUG:urllib3.connectionpool:https://ankiweb.net:443 "POST /update/desktop HTTP/1.1" 200 57
DEBUG:urllib3.connectionpool:https://ankiweb.net:443 "GET /shared/updates/1020366288,1052724801,109531687,1374772155,138501288,149004221,1612375712,1746010116,1760080335,1765712663,1844908621,1897277426,1898445115,1899278645,2055492159,2084557901,291119185,295889520,300884351,31746032,354407385,495793198,538879081,594329229,799647424?v=3 HTTP/1.1" 200 None
DEBUG:urllib3.connectionpool:https://ankiweb.net:443 "GET /shared/updates/805891399,814349176,831846358,858591644,874215009,925419294,937148547,992153575?v=3 HTTP/1.1" 200 None
DEBUG:urllib3.connectionpool:https://ankiweb.net:443 "POST /update/desktop HTTP/1.1" 200 57
DEBUG:urllib3.connectionpool:Starting new HTTPS connection (1): ththanhtru.vinhphuc.edu.vn:443
DEBUG:urllib3.connectionpool:https://ththanhtru.vinhphuc.edu.vn:443 "GET /App_Themes/Default/Image/nophoto.jpg HTTP/1.1" 200 9282
DEBUG:urllib3.connectionpool:Starting new HTTPS connection (1): ththanhtru.vinhphuc.edu.vn:443
DEBUG:urllib3.connectionpool:https://ththanhtru.vinhphuc.edu.vn:443 "GET /App_Themes/Default/Image/nophoto.jpg HTTP/1.1" 200 9282
DEBUG:urllib3.connectionpool:https://ankiweb.net:443 "POST /update/desktop HTTP/1.1" 200 57
DEBUG:urllib3.connectionpool:Starting new HTTPS connection (1): ankiweb.net:443
DEBUG:urllib3.connectionpool:https://ankiweb.net:443 "GET /shared/download/1087328706?v=2.1&p=49 HTTP/1.1" 302 284
DEBUG:urllib3.connectionpool:Starting new HTTPS connection (1): dl15.ankiweb.net:443
DEBUG:urllib3.connectionpool:https://dl15.ankiweb.net:443 "GET /shared/downloadAddon2/1087328706?t=1644511491&v=2.1&minpt=0&maxpt=42&bidx=0 HTTP/1.1" 200 1219177
DEBUG:urllib3.connectionpool:https://ankiweb.net:443 "POST /update/desktop HTTP/1.1" 200 57
DEBUG:urllib3.connectionpool:https://ankiweb.net:443 "POST /update/desktop HTTP/1.1" 200 57
DEBUG:urllib3.connectionpool:https://ankiweb.net:443 "POST /update/desktop HTTP/1.1" 200 57
DEBUG:urllib3.connectionpool:https://ankiweb.net:443 "POST /update/desktop HTTP/1.1" 200 57
DEBUG:urllib3.connectionpool:https://ankiweb.net:443 "POST /update/desktop HTTP/1.1" 200 57
DEBUG:urllib3.connectionpool:Starting new HTTPS connection (1): ankiweb.net:443
DEBUG:urllib3.connectionpool:https://ankiweb.net:443 "POST /update/desktop HTTP/1.1" 200 57
DEBUG:urllib3.connectionpool:https://ankiweb.net:443 "GET /shared/updates/1020366288,1052724801,1087328706,109531687,1374772155,138501288,149004221,1612375712,1760080335,1844908621,1898445115,1899278645,2055492159,2084557901,291119185,295889520,300884351,31746032,354407385,538879081,594329229,799647424,805891399,814349176,831846358?v=3 HTTP/1.1" 200 None
DEBUG:urllib3.connectionpool:https://ankiweb.net:443 "GET /shared/updates/858591644,874215009,992153575?v=3 HTTP/1.1" 200 529
DEBUG:urllib3.connectionpool:https://ankiweb.net:443 "POST /update/desktop HTTP/1.1" 200 57
DEBUG:urllib3.connectionpool:Starting new HTTPS connection (1): ankiweb.net:443
DEBUG:urllib3.connectionpool:https://ankiweb.net:443 "POST /update/desktop HTTP/1.1" 200 57
DEBUG:urllib3.connectionpool:https://ankiweb.net:443 "GET /shared/updates/1020366288,1052724801,1087328706,109531687,1374772155,138501288,149004221,1612375712,1760080335,1844908621,1898445115,1899278645,2055492159,2084557901,291119185,295889520,300884351,31746032,354407385,538879081,594329229,799647424,805891399,814349176,831846358?v=3 HTTP/1.1" 200 None
DEBUG:urllib3.connectionpool:https://ankiweb.net:443 "GET /shared/updates/858591644,874215009,992153575?v=3 HTTP/1.1" 200 529
DEBUG:urllib3.connectionpool:Starting new HTTPS connection (1): ankiweb.net:443
DEBUG:urllib3.connectionpool:https://ankiweb.net:443 "POST /update/desktop HTTP/1.1" 200 57
DEBUG:urllib3.connectionpool:https://ankiweb.net:443 "GET /shared/updates/1020366288,1052724801,1087328706,109531687,1374772155,138501288,149004221,1612375712,1760080335,1844908621,1898445115,1899278645,2055492159,2084557901,291119185,295889520,300884351,31746032,354407385,538879081,594329229,799647424,805891399,814349176,831846358?v=3 HTTP/1.1" 200 None
DEBUG:urllib3.connectionpool:https://ankiweb.net:443 "GET /shared/updates/858591644,874215009,992153575?v=3 HTTP/1.1" 200 529
DEBUG:urllib3.connectionpool:https://ankiweb.net:443 "POST /update/desktop HTTP/1.1" 200 57
DEBUG:urllib3.connectionpool:https://ankiweb.net:443 "POST /update/desktop HTTP/1.1" 200 57
DEBUG:urllib3.connectionpool:https://ankiweb.net:443 "POST /update/desktop HTTP/1.1" 200 57
DEBUG:urllib3.connectionpool:https://ankiweb.net:443 "POST /update/desktop HTTP/1.1" 200 57
DEBUG:urllib3.connectionpool:https://ankiweb.net:443 "POST /update/desktop HTTP/1.1" 200 57
DEBUG:urllib3.connectionpool:https://ankiweb.net:443 "POST /update/desktop HTTP/1.1" 200 57
DEBUG:urllib3.connectionpool:Starting new HTTPS connection (1): ankiweb.net:443
DEBUG:urllib3.connectionpool:https://ankiweb.net:443 "POST /update/desktop HTTP/1.1" 200 57
DEBUG:urllib3.connectionpool:https://ankiweb.net:443 "GET /shared/updates/1020366288,1052724801,1087328706,109531687,1374772155,138501288,149004221,1612375712,1760080335,1844908621,1898445115,1899278645,2055492159,2084557901,291119185,295889520,300884351,31746032,354407385,538879081,594329229,799647424,805891399,814349176,831846358?v=3 HTTP/1.1" 200 None
DEBUG:urllib3.connectionpool:https://ankiweb.net:443 "GET /shared/updates/858591644,874215009,992153575?v=3 HTTP/1.1" 200 529
DEBUG:urllib3.connectionpool:https://ankiweb.net:443 "POST /update/desktop HTTP/1.1" 200 57
DEBUG:urllib3.connectionpool:https://ankiweb.net:443 "POST /update/desktop HTTP/1.1" 200 57
DEBUG:urllib3.connectionpool:https://ankiweb.net:443 "POST /update/desktop HTTP/1.1" 200 57
DEBUG:urllib3.connectionpool:https://ankiweb.net:443 "POST /update/desktop HTTP/1.1" 200 57
DEBUG:urllib3.connectionpool:https://ankiweb.net:443 "POST /update/desktop HTTP/1.1" 200 57
DEBUG:urllib3.connectionpool:https://ankiweb.net:443 "POST /update/desktop HTTP/1.1" 200 57
DEBUG:urllib3.connectionpool:https://ankiweb.net:443 "POST /update/desktop HTTP/1.1" 200 57
DEBUG:urllib3.connectionpool:https://ankiweb.net:443 "POST /update/desktop HTTP/1.1" 200 57
DEBUG:urllib3.connectionpool:https://ankiweb.net:443 "POST /update/desktop HTTP/1.1" 200 57
DEBUG:urllib3.connectionpool:https://ankiweb.net:443 "POST /update/desktop HTTP/1.1" 200 57
DEBUG:urllib3.connectionpool:https://ankiweb.net:443 "POST /update/desktop HTTP/1.1" 200 57
DEBUG:urllib3.connectionpool:Starting new HTTPS connection (1): ankiweb.net:443
DEBUG:urllib3.connectionpool:https://ankiweb.net:443 "POST /update/desktop HTTP/1.1" 200 57
DEBUG:urllib3.connectionpool:https://ankiweb.net:443 "GET /shared/updates/1020366288,1052724801,1087328706,109531687,1374772155,138501288,149004221,1612375712,1760080335,1844908621,1898445115,1899278645,2055492159,2084557901,291119185,295889520,300884351,31746032,354407385,538879081,594329229,799647424,805891399,814349176,831846358?v=3 HTTP/1.1" 200 None
DEBUG:urllib3.connectionpool:https://ankiweb.net:443 "GET /shared/updates/858591644,874215009,992153575?v=3 HTTP/1.1" 200 529
DEBUG:urllib3.connectionpool:Starting new HTTP connection (1): 127.0.0.1:35761
DEBUG:urllib3.connectionpool:http://127.0.0.1:35761 "GET /paste-2c50405e97b72221fa2973ce8045b5638bfe77bc.jpg HTTP/1.1" 200 9423
DEBUG:urllib3.connectionpool:https://ankiweb.net:443 "POST /update/desktop HTTP/1.1" 200 57
DEBUG:urllib3.connectionpool:https://ankiweb.net:443 "POST /update/desktop HTTP/1.1" 200 57
DEBUG:urllib3.connectionpool:Starting new HTTPS connection (1): ankiweb.net:443
DEBUG:urllib3.connectionpool:https://ankiweb.net:443 "GET /shared/download/867316254?v=2.1&p=49 HTTP/1.1" 302 285
DEBUG:urllib3.connectionpool:Starting new HTTPS connection (1): dl15.ankiweb.net:443
DEBUG:urllib3.connectionpool:https://dl15.ankiweb.net:443 "GET /shared/downloadAddon2/867316254?t=1638515046&v=2.1&minpt=45&maxpt=-49&bidx=1 HTTP/1.1" 200 329116
DEBUG:urllib3.connectionpool:https://ankiweb.net:443 "POST /update/desktop HTTP/1.1" 200 57
DEBUG:urllib3.connectionpool:https://ankiweb.net:443 "POST /update/desktop HTTP/1.1" 200 57
DEBUG:urllib3.connectionpool:https://ankiweb.net:443 "POST /update/desktop HTTP/1.1" 200 57
DEBUG:urllib3.connectionpool:Starting new HTTPS connection (1): ankiweb.net:443
DEBUG:urllib3.connectionpool:https://ankiweb.net:443 "GET /shared/download/1159566613?v=2.1&p=49 HTTP/1.1" 302 283
DEBUG:urllib3.connectionpool:Starting new HTTPS connection (1): dl11.ankiweb.net:443
DEBUG:urllib3.connectionpool:https://dl11.ankiweb.net:443 "GET /shared/downloadAddon2/1159566613?t=1583740657&v=2.1&minpt=0&maxpt=0&bidx=0 HTTP/1.1" 200 2527622
DEBUG:urllib3.connectionpool:https://ankiweb.net:443 "POST /update/desktop HTTP/1.1" 200 57
DEBUG:urllib3.connectionpool:https://ankiweb.net:443 "POST /update/desktop HTTP/1.1" 200 57
DEBUG:urllib3.connectionpool:Starting new HTTPS connection (1): ankiweb.net:443
DEBUG:urllib3.connectionpool:https://ankiweb.net:443 "GET /shared/download/406504899?v=2.1&p=49 HTTP/1.1" 302 283
DEBUG:urllib3.connectionpool:Starting new HTTPS connection (1): dl10.ankiweb.net:443
DEBUG:urllib3.connectionpool:https://dl10.ankiweb.net:443 "GET /shared/downloadAddon2/406504899?t=1582347113&v=2.1&minpt=0&maxpt=16&bidx=0 HTTP/1.1" 200 627
DEBUG:urllib3.connectionpool:https://ankiweb.net:443 "POST /update/desktop HTTP/1.1" 200 57
DEBUG:urllib3.connectionpool:Starting new HTTP connection (1): www.google-analytics.com:80
DEBUG:urllib3.connectionpool:http://www.google-analytics.com:80 "POST /collect HTTP/1.1" 200 35
DEBUG:urllib3.connectionpool:https://ankiweb.net:443 "POST /update/desktop HTTP/1.1" 200 57
DEBUG:urllib3.connectionpool:Starting new HTTPS connection (1): ankiweb.net:443
DEBUG:urllib3.connectionpool:https://ankiweb.net:443 "GET /shared/download/446355629?v=2.1&p=49 HTTP/1.1" 302 282
DEBUG:urllib3.connectionpool:Starting new HTTPS connection (1): dl14.ankiweb.net:443
DEBUG:urllib3.connectionpool:https://dl14.ankiweb.net:443 "GET /shared/downloadAddon2/446355629?t=1621102962&v=2.1&minpt=0&maxpt=0&bidx=0 HTTP/1.1" 200 5724
DEBUG:urllib3.connectionpool:Starting new HTTPS connection (1): ankiweb.net:443
DEBUG:urllib3.connectionpool:https://ankiweb.net:443 "GET /shared/download/308574457?v=2.1&p=49 HTTP/1.1" 302 283
DEBUG:urllib3.connectionpool:Starting new HTTPS connection (1): dl2.ankiweb.net:443
DEBUG:urllib3.connectionpool:https://dl2.ankiweb.net:443 "GET /shared/downloadAddon2/308574457?t=1649889029&v=2.1&minpt=20&maxpt=49&bidx=0 HTTP/1.1" 200 22445
DEBUG:urllib3.connectionpool:https://ankiweb.net:443 "POST /update/desktop HTTP/1.1" 200 57
DEBUG:urllib3.connectionpool:Starting new HTTPS connection (1): ankiweb.net:443
DEBUG:urllib3.connectionpool:https://ankiweb.net:443 "GET /shared/download/1914733489?v=2.1&p=49 HTTP/1.1" 302 284
DEBUG:urllib3.connectionpool:Starting new HTTPS connection (1): dl14.ankiweb.net:443
DEBUG:urllib3.connectionpool:https://dl14.ankiweb.net:443 "GET /shared/downloadAddon2/1914733489?t=1583016396&v=2.1&minpt=0&maxpt=20&bidx=0 HTTP/1.1" 200 30032
DEBUG:urllib3.connectionpool:Starting new HTTPS connection (1): ankiweb.net:443
DEBUG:urllib3.connectionpool:https://ankiweb.net:443 "GET /shared/download/1914733489?v=2.1&p=49 HTTP/1.1" 302 284
DEBUG:urllib3.connectionpool:Starting new HTTPS connection (1): dl14.ankiweb.net:443
DEBUG:urllib3.connectionpool:https://dl14.ankiweb.net:443 "GET /shared/downloadAddon2/1914733489?t=1583016396&v=2.1&minpt=0&maxpt=20&bidx=0 HTTP/1.1" 200 30032
DEBUG:urllib3.connectionpool:Starting new HTTPS connection (1): ankiweb.net:443
DEBUG:urllib3.connectionpool:https://ankiweb.net:443 "GET /shared/download/1914733489?v=2.1&p=49 HTTP/1.1" 302 284
DEBUG:urllib3.connectionpool:Starting new HTTPS connection (1): dl14.ankiweb.net:443
DEBUG:urllib3.connectionpool:https://dl14.ankiweb.net:443 "GET /shared/downloadAddon2/1914733489?t=1583016396&v=2.1&minpt=0&maxpt=20&bidx=0 HTTP/1.1" 200 30032
DEBUG:urllib3.connectionpool:Starting new HTTPS connection (1): ankiweb.net:443
DEBUG:urllib3.connectionpool:https://ankiweb.net:443 "GET /shared/download/308574457?v=2.1&p=49 HTTP/1.1" 302 283
DEBUG:urllib3.connectionpool:Starting new HTTPS connection (1): dl2.ankiweb.net:443
DEBUG:urllib3.connectionpool:https://dl2.ankiweb.net:443 "GET /shared/downloadAddon2/308574457?t=1649889029&v=2.1&minpt=20&maxpt=49&bidx=0 HTTP/1.1" 200 22445
DEBUG:urllib3.connectionpool:https://ankiweb.net:443 "POST /update/desktop HTTP/1.1" 200 57
DEBUG:urllib3.connectionpool:https://ankiweb.net:443 "POST /update/desktop HTTP/1.1" 200 57
DEBUG:urllib3.connectionpool:Starting new HTTPS connection (1): ankiweb.net:443
DEBUG:urllib3.connectionpool:https://ankiweb.net:443 "GET /shared/download/688199788?v=2.1&p=49 HTTP/1.1" 302 284
DEBUG:urllib3.connectionpool:Starting new HTTPS connection (1): dl10.ankiweb.net:443
DEBUG:urllib3.connectionpool:https://dl10.ankiweb.net:443 "GET /shared/downloadAddon2/688199788?t=1646237482&v=2.1&minpt=41&maxpt=50&bidx=0 HTTP/1.1" 200 67436
DEBUG:urllib3.connectionpool:https://ankiweb.net:443 "POST /update/desktop HTTP/1.1" 200 57
DEBUG:urllib3.connectionpool:https://ankiweb.net:443 "POST /update/desktop HTTP/1.1" 200 57
DEBUG:urllib3.connectionpool:https://ankiweb.net:443 "POST /update/desktop HTTP/1.1" 200 57
DEBUG:urllib3.connectionpool:https://ankiweb.net:443 "POST /update/desktop HTTP/1.1" 200 57
DEBUG:urllib3.connectionpool:https://ankiweb.net:443 "POST /update/desktop HTTP/1.1" 200 57
DEBUG:urllib3.connectionpool:Starting new HTTP connection (1): www.google-analytics.com:80
DEBUG:urllib3.connectionpool:http://www.google-analytics.com:80 "POST /collect HTTP/1.1" 200 35
DEBUG:urllib3.connectionpool:https://ankiweb.net:443 "POST /update/desktop HTTP/1.1" 200 57
DEBUG:urllib3.connectionpool:https://ankiweb.net:443 "POST /update/desktop HTTP/1.1" 200 57
DEBUG:urllib3.connectionpool:https://ankiweb.net:443 "POST /update/desktop HTTP/1.1" 200 57
DEBUG:urllib3.connectionpool:https://ankiweb.net:443 "POST /update/desktop HTTP/1.1" 200 57
DEBUG:urllib3.connectionpool:https://ankiweb.net:443 "POST /update/desktop HTTP/1.1" 200 57
DEBUG:urllib3.connectionpool:Starting new HTTP connection (1): www.google-analytics.com:80
DEBUG:urllib3.connectionpool:http://www.google-analytics.com:80 "POST /collect HTTP/1.1" 200 35
DEBUG:urllib3.connectionpool:https://ankiweb.net:443 "POST /update/desktop HTTP/1.1" 200 57
DEBUG:urllib3.connectionpool:https://ankiweb.net:443 "POST /update/desktop HTTP/1.1" 200 57
DEBUG:urllib3.connectionpool:https://ankiweb.net:443 "POST /update/desktop HTTP/1.1" 200 57
DEBUG:urllib3.connectionpool:https://ankiweb.net:443 "POST /update/desktop HTTP/1.1" 200 57
DEBUG:urllib3.connectionpool:https://ankiweb.net:443 "POST /update/desktop HTTP/1.1" 200 57
DEBUG:urllib3.connectionpool:https://ankiweb.net:443 "POST /update/desktop HTTP/1.1" 200 57
DEBUG:urllib3.connectionpool:https://ankiweb.net:443 "POST /update/desktop HTTP/1.1" 200 57
DEBUG:urllib3.connectionpool:https://ankiweb.net:443 "POST /update/desktop HTTP/1.1" 200 57
DEBUG:urllib3.connectionpool:Starting new HTTPS connection (1): ankiweb.net:443
DEBUG:urllib3.connectionpool:https://ankiweb.net:443 "GET /shared/download/1210908941?v=2.1&p=49 HTTP/1.1" 302 285
DEBUG:urllib3.connectionpool:Starting new HTTPS connection (1): dl10.ankiweb.net:443
DEBUG:urllib3.connectionpool:https://dl10.ankiweb.net:443 "GET /shared/downloadAddon2/1210908941?t=1649604604&v=2.1&minpt=41&maxpt=50&bidx=1 HTTP/1.1" 200 12813737
DEBUG:urllib3.connectionpool:https://ankiweb.net:443 "POST /update/desktop HTTP/1.1" 200 57
DEBUG:urllib3.connectionpool:https://ankiweb.net:443 "POST /update/desktop HTTP/1.1" 200 57
DEBUG:urllib3.connectionpool:Starting new HTTPS connection (1): ankiweb.net:443
DEBUG:urllib3.connectionpool:https://ankiweb.net:443 "GET /shared/download/1150874988?v=2.1&p=49 HTTP/1.1" 404 152
DEBUG:urllib3.connectionpool:https://ankiweb.net:443 "POST /update/desktop HTTP/1.1" 200 57
DEBUG:urllib3.connectionpool:Starting new HTTPS connection (1): ankiweb.net:443
DEBUG:urllib3.connectionpool:https://ankiweb.net:443 "GET /shared/download/1150874988?v=2.1&p=49 HTTP/1.1" 404 152
DEBUG:urllib3.connectionpool:Starting new HTTPS connection (1): ankiweb.net:443
DEBUG:urllib3.connectionpool:https://ankiweb.net:443 "GET /shared/download/1150874988?v=2.1&p=49 HTTP/1.1" 404 152
DEBUG:urllib3.connectionpool:Starting new HTTPS connection (1): ankiweb.net:443
DEBUG:urllib3.connectionpool:https://ankiweb.net:443 "GET /shared/updates/1020366288,1052724801,109531687,1210908941,1374772155,138501288,149004221,1612375712,1760080335,1844908621,1898445115,1899278645,2055492159,2084557901,291119185,295889520,300884351,308574457,31746032,354407385,406504899,446355629,538879081,594329229,688199788?v=3 HTTP/1.1" 200 None
DEBUG:urllib3.connectionpool:https://ankiweb.net:443 "GET /shared/updates/799647424,805891399,814349176,831846358,858591644,867316254,874215009,992153575?v=3 HTTP/1.1" 200 None
DEBUG:urllib3.connectionpool:Starting new HTTPS connection (1): ankiweb.net:443
DEBUG:urllib3.connectionpool:https://ankiweb.net:443 "GET /shared/updates/1020366288,1052724801,109531687,1210908941,1374772155,138501288,149004221,1612375712,1760080335,1844908621,1898445115,1899278645,2055492159,2084557901,291119185,295889520,300884351,308574457,31746032,354407385,406504899,446355629,538879081,594329229,688199788?v=3 HTTP/1.1" 200 None
DEBUG:urllib3.connectionpool:https://ankiweb.net:443 "GET /shared/updates/799647424,805891399,814349176,831846358,858591644,867316254,874215009,992153575?v=3 HTTP/1.1" 200 None
DEBUG:urllib3.connectionpool:https://ankiweb.net:443 "GET /shared/download/831846358?v=2.1&p=50 HTTP/1.1" 302 283
DEBUG:urllib3.connectionpool:Starting new HTTPS connection (1): dl3.ankiweb.net:443
DEBUG:urllib3.connectionpool:https://ankiweb.net:443 "GET /shared/download/1052724801?v=2.1&p=50 HTTP/1.1" 302 284
DEBUG:urllib3.connectionpool:Starting new HTTPS connection (2): dl3.ankiweb.net:443
DEBUG:urllib3.connectionpool:https://dl3.ankiweb.net:443 "GET /shared/downloadAddon2/1052724801?t=1643149546&v=2.1&minpt=50&maxpt=50&bidx=4 HTTP/1.1" 200 77482
DEBUG:urllib3.connectionpool:https://ankiweb.net:443 "GET /shared/download/1374772155?v=2.1&p=50 HTTP/1.1" 302 285
DEBUG:urllib3.connectionpool:Starting new HTTPS connection (1): dl10.ankiweb.net:443
DEBUG:urllib3.connectionpool:https://ankiweb.net:443 "GET /shared/download/867316254?v=2.1&p=50 HTTP/1.1" 302 284
DEBUG:urllib3.connectionpool:Starting new HTTPS connection (1): dl15.ankiweb.net:443
DEBUG:urllib3.connectionpool:https://ankiweb.net:443 "GET /shared/download/308574457?v=2.1&p=50 HTTP/1.1" 302 283
DEBUG:urllib3.connectionpool:Starting new HTTPS connection (1): dl2.ankiweb.net:443
